<?xml version="1.0" encoding="UTF-8"?>
<!-- Generated by org.testng.reporters.JUnitXMLReporter -->
<testsuite hostname="DESKTOP-MSM102A" ignored="6" name="Test" tests="4" failures="0" timestamp="2023-09-24T22:15:24 IST" time="96.56" errors="0">
  <testcase name="verifyTeamNames" time="8.942" classname="com.nbaproject.testcases.TeamNamesVerification"/>
  <testcase name="verifySlideViewFunctionality" time="36.689" classname="com.nbaproject.testcases.SlideViewVerification"/>
  <testcase name="verifyVideoStreaming" time="14.187" classname="com.nbaproject.testcases.VideoWatchVerification"/>
  <testcase name="verifyLoadMoreFeature" time="3.0" classname="com.nbaproject.testcases.LoadMoreVerification"/>
  <testcase name="@AfterSuite stopReport" time="0.0" classname="com.testframe.utility.ReporterClass">
    <ignored/>
  </testcase> <!-- @AfterSuite stopReport -->
  <testcase name="@AfterSuite stopReport" time="0.0" classname="com.testframe.utility.ReporterClass">
    <ignored/>
  </testcase> <!-- @AfterSuite stopReport -->
  <testcase name="@AfterSuite stopReport" time="0.0" classname="com.testframe.utility.ReporterClass">
    <ignored/>
  </testcase> <!-- @AfterSuite stopReport -->
  <testcase name="@BeforeSuite startReport" time="0.0" classname="com.testframe.utility.ReporterClass">
    <ignored/>
  </testcase> <!-- @BeforeSuite startReport -->
  <testcase name="@BeforeSuite startReport" time="0.0" classname="com.testframe.utility.ReporterClass">
    <ignored/>
  </testcase> <!-- @BeforeSuite startReport -->
  <testcase name="@BeforeSuite startReport" time="0.0" classname="com.testframe.utility.ReporterClass">
    <ignored/>
  </testcase> <!-- @BeforeSuite startReport -->
</testsuite> <!-- Test -->
